0 info it worked if it ends with ok
1 verbose cli [ 'C:\\Program Files\\nodejs\\\\node.exe',
1 verbose cli   'C:\\Program Files\\nodejs\\node_modules\\npm\\bin\\npm-cli.js',
1 verbose cli   'install',
1 verbose cli   'imgur-g' ]
2 info using npm@1.4.28
3 info using node@v0.10.32
4 verbose node symlink C:\Program Files\nodejs\\node.exe
5 verbose cache add [ 'imgur-g', null ]
6 verbose cache add name=undefined spec="imgur-g" args=["imgur-g",null]
7 verbose parsed url { protocol: null,
7 verbose parsed url   slashes: null,
7 verbose parsed url   auth: null,
7 verbose parsed url   host: null,
7 verbose parsed url   port: null,
7 verbose parsed url   hostname: null,
7 verbose parsed url   hash: null,
7 verbose parsed url   search: null,
7 verbose parsed url   query: null,
7 verbose parsed url   pathname: 'imgur-g',
7 verbose parsed url   path: 'imgur-g',
7 verbose parsed url   href: 'imgur-g' }
8 silly lockFile fb1d7db6-imgur-g imgur-g
9 verbose lock imgur-g C:\Users\nick ellenoff\AppData\Roaming\npm-cache\fb1d7db6-imgur-g.lock
10 silly lockFile fb1d7db6-imgur-g imgur-g
11 silly lockFile fb1d7db6-imgur-g imgur-g
12 verbose addNamed [ 'imgur-g', '' ]
13 verbose addNamed [ null, '*' ]
14 silly lockFile a591e5c0-imgur-g imgur-g@
15 verbose lock imgur-g@ C:\Users\nick ellenoff\AppData\Roaming\npm-cache\a591e5c0-imgur-g.lock
16 silly addNameRange { name: 'imgur-g', range: '*', hasData: false }
17 verbose request where is /imgur-g
18 verbose request registry https://registry.npmjs.org/
19 verbose request id a7675ee29f71c950
20 verbose url raw /imgur-g
21 verbose url resolving [ 'https://registry.npmjs.org/', './imgur-g' ]
22 verbose url resolved https://registry.npmjs.org/imgur-g
23 verbose request where is https://registry.npmjs.org/imgur-g
24 info trying registry request attempt 1 at 17:40:05
25 http GET https://registry.npmjs.org/imgur-g
26 http 404 https://registry.npmjs.org/imgur-g
27 verbose headers { date: 'Sun, 26 Apr 2015 21:40:08 GMT',
27 verbose headers   server: 'CouchDB/1.5.0 (Erlang OTP/R16B03)',
27 verbose headers   'content-type': 'application/json',
27 verbose headers   'cache-control': 'max-age=0',
27 verbose headers   'content-length': '51',
27 verbose headers   'accept-ranges': 'bytes',
27 verbose headers   via: '1.1 varnish',
27 verbose headers   age: '0',
27 verbose headers   'x-served-by': 'cache-iad2130-IAD',
27 verbose headers   'x-cache': 'MISS',
27 verbose headers   'x-cache-hits': '0',
27 verbose headers   'x-timer': 'S1430084408.882167,VS0,VE16',
27 verbose headers   'keep-alive': 'timeout=10, max=50',
27 verbose headers   connection: 'Keep-Alive' }
28 silly registry.get cb [ 404,
28 silly registry.get   { date: 'Sun, 26 Apr 2015 21:40:08 GMT',
28 silly registry.get     server: 'CouchDB/1.5.0 (Erlang OTP/R16B03)',
28 silly registry.get     'content-type': 'application/json',
28 silly registry.get     'cache-control': 'max-age=0',
28 silly registry.get     'content-length': '51',
28 silly registry.get     'accept-ranges': 'bytes',
28 silly registry.get     via: '1.1 varnish',
28 silly registry.get     age: '0',
28 silly registry.get     'x-served-by': 'cache-iad2130-IAD',
28 silly registry.get     'x-cache': 'MISS',
28 silly registry.get     'x-cache-hits': '0',
28 silly registry.get     'x-timer': 'S1430084408.882167,VS0,VE16',
28 silly registry.get     'keep-alive': 'timeout=10, max=50',
28 silly registry.get     connection: 'Keep-Alive' } ]
29 silly lockFile a591e5c0-imgur-g imgur-g@
30 silly lockFile a591e5c0-imgur-g imgur-g@
31 error 404 404 Not Found: imgur-g
31 error 404
31 error 404 'imgur-g' is not in the npm registry.
31 error 404 You should bug the author to publish it
31 error 404
31 error 404 Note that you can also install from a
31 error 404 tarball, folder, or http url, or git url.
32 error System Windows_NT 6.1.7601
33 error command "C:\\Program Files\\nodejs\\\\node.exe" "C:\\Program Files\\nodejs\\node_modules\\npm\\bin\\npm-cli.js" "install" "imgur-g"
34 error cwd C:\Users\nick ellenoff\My Documents\github\rand.tune\Server
35 error node -v v0.10.32
36 error npm -v 1.4.28
37 error code E404
38 verbose exit [ 1, true ]
